<?xml version="1.0" encoding="UTF-8"?>
<!-- Generated by org.testng.reporters.JUnitReportReporter -->
<testsuite name="com.testNG.TestNGCheck" tests="2" time="0.014" ignored="0" failures="0" timestamp="24 Jul 2021 15:02:38 GMT" skipped="0" hostname="THE_EXPANDABLES" errors="0">
  <testcase name="test2" time="0.002" classname="com.testNG.TestNGCheck"/>
  <testcase name="test1" time="0.012" classname="com.testNG.TestNGCheck"/>
</testsuite> <!-- com.testNG.TestNGCheck -->
