<?xml version="1.0" encoding="UTF-8"?>
<!-- Generated by org.testng.reporters.JUnitReportReporter -->
<testsuite name="com.testNG.TestNGCheck2" tests="2" time="0.004" ignored="0" failures="0" timestamp="24 Jul 2021 15:27:15 GMT" skipped="0" hostname="THE_EXPANDABLES" errors="0">
  <testcase name="test1" time="0.002" classname="com.testNG.TestNGCheck2"/>
  <testcase name="test2" time="0.002" classname="com.testNG.TestNGCheck2"/>
</testsuite> <!-- com.testNG.TestNGCheck2 -->
